# JRE version: Java(TM) SE Runtime Environment (8.0_131-b11) (build 1.8.0_131-b11)
# Java VM: Java HotSpot(TM) 64-Bit Server VM (25.131-b11 mixed mode windows-amd64 compressed oops)
Heap:
 PSYoungGen      total 100864K, used 97203K [0x00000000f5b80000, 0x00000000fd300000, 0x0000000100000000)
  eden space 89600K, 95% used [0x00000000f5b80000,0x00000000faf71a10,0x00000000fb300000)
  from space 11264K, 99% used [0x00000000fb300000,0x00000000fbdfb5a8,0x00000000fbe00000)
  to   space 7680K, 0% used [0x00000000fbe00000,0x00000000fbe00000,0x00000000fc580000)
 ParOldGen       total 55808K, used 31516K [0x00000000e1200000, 0x00000000e4880000, 0x00000000f5b80000)
  object space 55808K, 56% used [0x00000000e1200000,0x00000000e30c7358,0x00000000e4880000)
 Metaspace       used 23900K, capacity 24492K, committed 24752K, reserved 1071104K
  class space    used 2787K, capacity 2967K, committed 2992K, reserved 1048576K
GC Heap History (10 events):
Event: 16.555 GC heap before
{Heap before GC invocations=15 (full 1):
 PSYoungGen      total 75264K, used 3135K [0x00000000f5b80000, 0x00000000faa00000, 0x0000000100000000)
  eden space 71680K, 0% used [0x00000000f5b80000,0x00000000f5b80000,0x00000000fa180000)
  from space 3584K, 87% used [0x00000000fa580000,0x00000000fa88ff38,0x00000000fa900000)
  to   space 4096K, 0% used [0x00000000fa180000,0x00000000fa180000,0x00000000fa580000)
 ParOldGen       total 22016K, used 15934K [0x00000000e1200000, 0x00000000e2780000, 0x00000000f5b80000)
  object space 22016K, 72% used [0x00000000e1200000,0x00000000e218f920,0x00000000e2780000)
 Metaspace       used 20754K, capacity 21174K, committed 21296K, reserved 1069056K
  class space    used 2442K, capacity 2586K, committed 2608K, reserved 1048576K
Event: 16.763 GC heap after
Heap after GC invocations=15 (full 1):
 PSYoungGen      total 75264K, used 0K [0x00000000f5b80000, 0x00000000faa00000, 0x0000000100000000)
  eden space 71680K, 0% used [0x00000000f5b80000,0x00000000f5b80000,0x00000000fa180000)
  from space 3584K, 0% used [0x00000000fa580000,0x00000000fa580000,0x00000000fa900000)
  to   space 4096K, 0% used [0x00000000fa180000,0x00000000fa180000,0x00000000fa580000)
 ParOldGen       total 32256K, used 15868K [0x00000000e1200000, 0x00000000e3180000, 0x00000000f5b80000)
  object space 32256K, 49% used [0x00000000e1200000,0x00000000e217f090,0x00000000e3180000)
 Metaspace       used 20754K, capacity 21174K, committed 21296K, reserved 1069056K
  class space    used 2442K, capacity 2586K, committed 2608K, reserved 1048576K
}
Event: 19.466 GC heap before
{Heap before GC invocations=16 (full 1):
 PSYoungGen      total 75264K, used 71680K [0x00000000f5b80000, 0x00000000faa00000, 0x0000000100000000)
  eden space 71680K, 100% used [0x00000000f5b80000,0x00000000fa180000,0x00000000fa180000)
  from space 3584K, 0% used [0x00000000fa580000,0x00000000fa580000,0x00000000fa900000)
  to   space 4096K, 0% used [0x00000000fa180000,0x00000000fa180000,0x00000000fa580000)
 ParOldGen       total 32256K, used 15868K [0x00000000e1200000, 0x00000000e3180000, 0x00000000f5b80000)
  object space 32256K, 49% used [0x00000000e1200000,0x00000000e217f090,0x00000000e3180000)
 Metaspace       used 23572K, capacity 24116K, committed 24496K, reserved 1071104K
  class space    used 2749K, capacity 2927K, committed 2992K, reserved 1048576K
Event: 19.517 GC heap after
Heap after GC invocations=16 (full 1):
 PSYoungGen      total 75776K, used 4089K [0x00000000f5b80000, 0x00000000fc580000, 0x0000000100000000)
  eden space 71680K, 0% used [0x00000000f5b80000,0x00000000f5b80000,0x00000000fa180000)
  from space 4096K, 99% used [0x00000000fa180000,0x00000000fa57e4a8,0x00000000fa580000)
  to   space 7680K, 0% used [0x00000000fbe00000,0x00000000fbe00000,0x00000000fc580000)
 ParOldGen       total 32256K, used 24171K [0x00000000e1200000, 0x00000000e3180000, 0x00000000f5b80000)
  object space 32256K, 74% used [0x00000000e1200000,0x00000000e299ae70,0x00000000e3180000)
 Metaspace       used 23572K, capacity 24116K, committed 24496K, reserved 1071104K
  class space    used 2749K, capacity 2927K, committed 2992K, reserved 1048576K
}
Event: 21.072 GC heap before
{Heap before GC invocations=17 (full 1):
 PSYoungGen      total 75776K, used 75769K [0x00000000f5b80000, 0x00000000fc580000, 0x0000000100000000)
  eden space 71680K, 100% used [0x00000000f5b80000,0x00000000fa180000,0x00000000fa180000)
  from space 4096K, 99% used [0x00000000fa180000,0x00000000fa57e4a8,0x00000000fa580000)
  to   space 7680K, 0% used [0x00000000fbe00000,0x00000000fbe00000,0x00000000fc580000)
 ParOldGen       total 32256K, used 24171K [0x00000000e1200000, 0x00000000e3180000, 0x00000000f5b80000)
  object space 32256K, 74% used [0x00000000e1200000,0x00000000e299ae70,0x00000000e3180000)
 Metaspace       used 23593K, capacity 24116K, committed 24496K, reserved 1071104K
  class space    used 2750K, capacity 2927K, committed 2992K, reserved 1048576K
Event: 21.162 GC heap after
Heap after GC invocations=17 (full 1):
 PSYoungGen      total 97280K, used 7652K [0x00000000f5b80000, 0x00000000fd300000, 0x0000000100000000)
  eden space 89600K, 0% used [0x00000000f5b80000,0x00000000f5b80000,0x00000000fb300000)
  from space 7680K, 99% used [0x00000000fbe00000,0x00000000fc5792b0,0x00000000fc580000)
  to   space 11264K, 0% used [0x00000000fb300000,0x00000000fb300000,0x00000000fbe00000)
 ParOldGen       total 32256K, used 31881K [0x00000000e1200000, 0x00000000e3180000, 0x00000000f5b80000)
  object space 32256K, 98% used [0x00000000e1200000,0x00000000e31227e0,0x00000000e3180000)
 Metaspace       used 23593K, capacity 24116K, committed 24496K, reserved 1071104K
  class space    used 2750K, capacity 2927K, committed 2992K, reserved 1048576K
}
Event: 21.162 GC heap before
{Heap before GC invocations=18 (full 2):
 PSYoungGen      total 97280K, used 7652K [0x00000000f5b80000, 0x00000000fd300000, 0x0000000100000000)
  eden space 89600K, 0% used [0x00000000f5b80000,0x00000000f5b80000,0x00000000fb300000)
  from space 7680K, 99% used [0x00000000fbe00000,0x00000000fc5792b0,0x00000000fc580000)
  to   space 11264K, 0% used [0x00000000fb300000,0x00000000fb300000,0x00000000fbe00000)
 ParOldGen       total 32256K, used 31881K [0x00000000e1200000, 0x00000000e3180000, 0x00000000f5b80000)
  object space 32256K, 98% used [0x00000000e1200000,0x00000000e31227e0,0x00000000e3180000)
 Metaspace       used 23593K, capacity 24116K, committed 24496K, reserved 1071104K
  class space    used 2750K, capacity 2927K, committed 2992K, reserved 1048576K
Event: 21.402 GC heap after
Heap after GC invocations=18 (full 2):
 PSYoungGen      total 97280K, used 0K [0x00000000f5b80000, 0x00000000fd300000, 0x0000000100000000)
  eden space 89600K, 0% used [0x00000000f5b80000,0x00000000f5b80000,0x00000000fb300000)
  from space 7680K, 0% used [0x00000000fbe00000,0x00000000fbe00000,0x00000000fc580000)
  to   space 11264K, 0% used [0x00000000fb300000,0x00000000fb300000,0x00000000fbe00000)
 ParOldGen       total 55808K, used 26469K [0x00000000e1200000, 0x00000000e4880000, 0x00000000f5b80000)
  object space 55808K, 47% used [0x00000000e1200000,0x00000000e2bd97e8,0x00000000e4880000)
 Metaspace       used 23593K, capacity 24116K, committed 24496K, reserved 1071104K
  class space    used 2750K, capacity 2927K, committed 2992K, reserved 1048576K
}
Event: 23.172 GC heap before
{Heap before GC invocations=19 (full 2):
 PSYoungGen      total 97280K, used 89600K [0x00000000f5b80000, 0x00000000fd300000, 0x0000000100000000)
  eden space 89600K, 100% used [0x00000000f5b80000,0x00000000fb300000,0x00000000fb300000)
  from space 7680K, 0% used [0x00000000fbe00000,0x00000000fbe00000,0x00000000fc580000)
  to   space 11264K, 0% used [0x00000000fb300000,0x00000000fb300000,0x00000000fbe00000)
 ParOldGen       total 55808K, used 26469K [0x00000000e1200000, 0x00000000e4880000, 0x00000000f5b80000)
  object space 55808K, 47% used [0x00000000e1200000,0x00000000e2bd97e8,0x00000000e4880000)
 Metaspace       used 23599K, capacity 24116K, committed 24496K, reserved 1071104K
  class space    used 2750K, capacity 2927K, committed 2992K, reserved 1048576K
Event: 23.222 GC heap after
Heap after GC invocations=19 (full 2):
 PSYoungGen      total 100864K, used 11245K [0x00000000f5b80000, 0x00000000fd300000, 0x0000000100000000)
  eden space 89600K, 0% used [0x00000000f5b80000,0x00000000f5b80000,0x00000000fb300000)
  from space 11264K, 99% used [0x00000000fb300000,0x00000000fbdfb5a8,0x00000000fbe00000)
  to   space 7680K, 0% used [0x00000000fbe00000,0x00000000fbe00000,0x00000000fc580000)
 ParOldGen       total 55808K, used 31516K [0x00000000e1200000, 0x00000000e4880000, 0x00000000f5b80000)
  object space 55808K, 56% used [0x00000000e1200000,0x00000000e30c7358,0x00000000e4880000)
 Metaspace       used 23599K, capacity 24116K, committed 24496K, reserved 1071104K
  class space    used 2750K, capacity 2927K, committed 2992K, reserved 1048576K
}

